<?xml version="1.0" encoding="UTF-8"?>
<testsuite name="com.jojoldu.book.springboot.web.HelloControllerTest" tests="2" skipped="0" failures="0" errors="0" timestamp="2023-02-24T04:55:32" hostname="DESKTOP-N9D95U4" time="0.761">
  <properties/>
  <testcase name="hello가_리턴된다" classname="com.jojoldu.book.springboot.web.HelloControllerTest" time="0.358"/>
  <testcase name="helloDto가_리턴된다" classname="com.jojoldu.book.springboot.web.HelloControllerTest" time="0.402"/>
  <system-out><![CDATA[2023-02-24 13:55:29.346  INFO 3900 --- [    Test worker] .b.t.a.w.s.WebMvcTestContextBootstrapper : Neither @ContextConfiguration nor @ContextHierarchy found for test class [com.jojoldu.book.springboot.web.HelloControllerTest], using SpringBootContextLoader
2023-02-24 13:55:29.382  INFO 3900 --- [    Test worker] o.s.t.c.support.AbstractContextLoader    : Could not detect default resource locations for test class [com.jojoldu.book.springboot.web.HelloControllerTest]: no resource found for suffixes {-context.xml, Context.groovy}.
2023-02-24 13:55:29.386  INFO 3900 --- [    Test worker] t.c.s.AnnotationConfigContextLoaderUtils : Could not detect default configuration classes for test class [com.jojoldu.book.springboot.web.HelloControllerTest]: HelloControllerTest does not declare any static, non-private, non-final, nested classes annotated with @Configuration.
2023-02-24 13:55:29.504  INFO 3900 --- [    Test worker] .b.t.c.SpringBootTestContextBootstrapper : Found @SpringBootConfiguration com.jojoldu.book.springboot.Application for test class com.jojoldu.book.springboot.web.HelloControllerTest
2023-02-24 13:55:29.570  INFO 3900 --- [    Test worker] .b.t.a.w.s.WebMvcTestContextBootstrapper : Loaded default TestExecutionListener class names from location [META-INF/spring.factories]: [org.springframework.security.test.context.support.WithSecurityContextTestExecutionListener, org.springframework.security.test.context.support.ReactorContextTestExecutionListener, org.springframework.boot.test.autoconfigure.restdocs.RestDocsTestExecutionListener, org.springframework.boot.test.autoconfigure.web.client.MockRestServiceServerResetTestExecutionListener, org.springframework.boot.test.autoconfigure.web.servlet.MockMvcPrintOnlyOnFailureTestExecutionListener, org.springframework.boot.test.autoconfigure.web.servlet.WebDriverTestExecutionListener, org.springframework.boot.test.mock.mockito.MockitoTestExecutionListener, org.springframework.boot.test.mock.mockito.ResetMocksTestExecutionListener, org.springframework.test.context.web.ServletTestExecutionListener, org.springframework.test.context.support.DirtiesContextBeforeModesTestExecutionListener, org.springframework.test.context.support.DependencyInjectionTestExecutionListener, org.springframework.test.context.support.DirtiesContextTestExecutionListener, org.springframework.test.context.transaction.TransactionalTestExecutionListener, org.springframework.test.context.jdbc.SqlScriptsTestExecutionListener]
2023-02-24 13:55:29.587  INFO 3900 --- [    Test worker] .b.t.a.w.s.WebMvcTestContextBootstrapper : Using TestExecutionListeners: [org.springframework.test.context.web.ServletTestExecutionListener@405720b7, org.springframework.test.context.support.DirtiesContextBeforeModesTestExecutionListener@7e298054, org.springframework.boot.test.mock.mockito.MockitoTestExecutionListener@6bc62beb, org.springframework.boot.test.autoconfigure.SpringBootDependencyInjectionTestExecutionListener@7feae7c8, org.springframework.test.context.support.DirtiesContextTestExecutionListener@641321a, org.springframework.test.context.transaction.TransactionalTestExecutionListener@34d839a6, org.springframework.test.context.jdbc.SqlScriptsTestExecutionListener@6e9bc5a5, org.springframework.security.test.context.support.WithSecurityContextTestExecutionListener@46e7bb19, org.springframework.security.test.context.support.ReactorContextTestExecutionListener@4939903d, org.springframework.boot.test.autoconfigure.restdocs.RestDocsTestExecutionListener@3c5995b5, org.springframework.boot.test.autoconfigure.web.client.MockRestServiceServerResetTestExecutionListener@c5fd976, org.springframework.boot.test.autoconfigure.web.servlet.MockMvcPrintOnlyOnFailureTestExecutionListener@779b9497, org.springframework.boot.test.autoconfigure.web.servlet.WebDriverTestExecutionListener@72264a21, org.springframework.boot.test.mock.mockito.ResetMocksTestExecutionListener@2a29ded]

  .   ____          _            __ _ _
 /\\ / ___'_ __ _ _(_)_ __  __ _ \ \ \ \
( ( )\___ | '_ | '_| | '_ \/ _` | \ \ \ \
 \\/  ___)| |_)| | | | | || (_| |  ) ) ) )
  '  |____| .__|_| |_|_| |_\__, | / / / /
 =========|_|==============|___/=/_/_/_/
 :: Spring Boot ::        (v2.1.7.RELEASE)

2023-02-24 13:55:29.751  INFO 3900 --- [    Test worker] c.j.b.s.web.HelloControllerTest          : Starting HelloControllerTest on DESKTOP-N9D95U4 with PID 3900 (started by HLEE in C:\Users\HLEE\IdeaProjects\freelec-springboot2-webservice)
2023-02-24 13:55:29.760  INFO 3900 --- [    Test worker] c.j.b.s.web.HelloControllerTest          : No active profile set, falling back to default profiles: default
2023-02-24 13:55:31.345  INFO 3900 --- [    Test worker] o.s.s.concurrent.ThreadPoolTaskExecutor  : Initializing ExecutorService 'applicationTaskExecutor'
2023-02-24 13:55:31.466  INFO 3900 --- [    Test worker] o.s.b.a.w.s.WelcomePageHandlerMapping    : Adding welcome page template: index
2023-02-24 13:55:32.202  INFO 3900 --- [    Test worker] .s.s.UserDetailsServiceAutoConfiguration : 

Using generated security password: efe4ce79-3031-4152-bce6-176d1958f088

2023-02-24 13:55:32.706  INFO 3900 --- [    Test worker] o.s.s.web.DefaultSecurityFilterChain     : Creating filter chain: any request, [org.springframework.security.web.context.request.async.WebAsyncManagerIntegrationFilter@450e8406, org.springframework.security.web.context.SecurityContextPersistenceFilter@4e3242fb, org.springframework.security.web.header.HeaderWriterFilter@ad76096, org.springframework.security.web.csrf.CsrfFilter@2e2acda, org.springframework.security.web.authentication.logout.LogoutFilter@1867527, org.springframework.security.web.authentication.UsernamePasswordAuthenticationFilter@621c94e4, org.springframework.security.web.authentication.ui.DefaultLoginPageGeneratingFilter@7cd27c80, org.springframework.security.web.authentication.ui.DefaultLogoutPageGeneratingFilter@63257170, org.springframework.security.web.authentication.www.BasicAuthenticationFilter@62755b6e, org.springframework.security.web.savedrequest.RequestCacheAwareFilter@7486af49, org.springframework.security.web.servletapi.SecurityContextHolderAwareRequestFilter@4564b29f, org.springframework.security.web.authentication.AnonymousAuthenticationFilter@2bc3e851, org.springframework.security.web.session.SessionManagementFilter@1d44896a, org.springframework.security.web.access.ExceptionTranslationFilter@4ade0a0e, org.springframework.security.web.access.intercept.FilterSecurityInterceptor@75ab4ddd]
2023-02-24 13:55:32.811  INFO 3900 --- [    Test worker] o.s.b.t.m.w.SpringBootMockServletContext : Initializing Spring TestDispatcherServlet ''
2023-02-24 13:55:32.812  INFO 3900 --- [    Test worker] o.s.t.web.servlet.TestDispatcherServlet  : Initializing Servlet ''
2023-02-24 13:55:32.850  INFO 3900 --- [    Test worker] o.s.t.web.servlet.TestDispatcherServlet  : Completed initialization in 38 ms
2023-02-24 13:55:32.928  INFO 3900 --- [    Test worker] c.j.b.s.web.HelloControllerTest          : Started HelloControllerTest in 3.335 seconds (JVM running for 27.037)
]]></system-out>
  <system-err><![CDATA[]]></system-err>
</testsuite>
