<?xml version="1.0" encoding="UTF-8"?>
<testsuite name="com.jojoldu.book.springboot.web.IndexControllerTest" tests="1" skipped="0" failures="0" errors="0" timestamp="2023-02-17T05:51:11" hostname="DESKTOP-N9D95U4" time="0.673">
  <properties/>
  <testcase name="메인페이지_로딩" classname="com.jojoldu.book.springboot.web.IndexControllerTest" time="0.673"/>
  <system-out><![CDATA[2023-02-17 14:51:05.746  INFO 13472 --- [    Test worker] .b.t.c.SpringBootTestContextBootstrapper : Neither @ContextConfiguration nor @ContextHierarchy found for test class [com.jojoldu.book.springboot.web.IndexControllerTest], using SpringBootContextLoader
2023-02-17 14:51:05.748  INFO 13472 --- [    Test worker] o.s.t.c.support.AbstractContextLoader    : Could not detect default resource locations for test class [com.jojoldu.book.springboot.web.IndexControllerTest]: no resource found for suffixes {-context.xml, Context.groovy}.
2023-02-17 14:51:05.749  INFO 13472 --- [    Test worker] t.c.s.AnnotationConfigContextLoaderUtils : Could not detect default configuration classes for test class [com.jojoldu.book.springboot.web.IndexControllerTest]: IndexControllerTest does not declare any static, non-private, non-final, nested classes annotated with @Configuration.
2023-02-17 14:51:05.752  INFO 13472 --- [    Test worker] .b.t.c.SpringBootTestContextBootstrapper : Found @SpringBootConfiguration com.jojoldu.book.springboot.Application for test class com.jojoldu.book.springboot.web.IndexControllerTest
2023-02-17 14:51:05.756  INFO 13472 --- [    Test worker] .b.t.c.SpringBootTestContextBootstrapper : Loaded default TestExecutionListener class names from location [META-INF/spring.factories]: [org.springframework.security.test.context.support.WithSecurityContextTestExecutionListener, org.springframework.security.test.context.support.ReactorContextTestExecutionListener, org.springframework.boot.test.autoconfigure.restdocs.RestDocsTestExecutionListener, org.springframework.boot.test.autoconfigure.web.client.MockRestServiceServerResetTestExecutionListener, org.springframework.boot.test.autoconfigure.web.servlet.MockMvcPrintOnlyOnFailureTestExecutionListener, org.springframework.boot.test.autoconfigure.web.servlet.WebDriverTestExecutionListener, org.springframework.boot.test.mock.mockito.MockitoTestExecutionListener, org.springframework.boot.test.mock.mockito.ResetMocksTestExecutionListener, org.springframework.test.context.web.ServletTestExecutionListener, org.springframework.test.context.support.DirtiesContextBeforeModesTestExecutionListener, org.springframework.test.context.support.DependencyInjectionTestExecutionListener, org.springframework.test.context.support.DirtiesContextTestExecutionListener, org.springframework.test.context.transaction.TransactionalTestExecutionListener, org.springframework.test.context.jdbc.SqlScriptsTestExecutionListener]
2023-02-17 14:51:05.762  INFO 13472 --- [    Test worker] .b.t.c.SpringBootTestContextBootstrapper : Using TestExecutionListeners: [org.springframework.test.context.web.ServletTestExecutionListener@55e93142, org.springframework.test.context.support.DirtiesContextBeforeModesTestExecutionListener@550fb646, org.springframework.boot.test.mock.mockito.MockitoTestExecutionListener@5eac07d3, org.springframework.boot.test.autoconfigure.SpringBootDependencyInjectionTestExecutionListener@23ef071b, org.springframework.test.context.support.DirtiesContextTestExecutionListener@3f904105, org.springframework.test.context.transaction.TransactionalTestExecutionListener@17857d37, org.springframework.test.context.jdbc.SqlScriptsTestExecutionListener@2929628b, org.springframework.security.test.context.support.WithSecurityContextTestExecutionListener@72a57f6a, org.springframework.security.test.context.support.ReactorContextTestExecutionListener@4f809052, org.springframework.boot.test.autoconfigure.restdocs.RestDocsTestExecutionListener@73503050, org.springframework.boot.test.autoconfigure.web.client.MockRestServiceServerResetTestExecutionListener@118f298b, org.springframework.boot.test.autoconfigure.web.servlet.MockMvcPrintOnlyOnFailureTestExecutionListener@48085aff, org.springframework.boot.test.autoconfigure.web.servlet.WebDriverTestExecutionListener@34141ac, org.springframework.boot.test.mock.mockito.ResetMocksTestExecutionListener@71e13324]

  .   ____          _            __ _ _
 /\\ / ___'_ __ _ _(_)_ __  __ _ \ \ \ \
( ( )\___ | '_ | '_| | '_ \/ _` | \ \ \ \
 \\/  ___)| |_)| | | | | || (_| |  ) ) ) )
  '  |____| .__|_| |_|_| |_\__, | / / / /
 =========|_|==============|___/=/_/_/_/
 :: Spring Boot ::        (v2.1.7.RELEASE)

2023-02-17 14:51:05.868  INFO 13472 --- [    Test worker] c.j.b.s.web.IndexControllerTest          : Starting IndexControllerTest on DESKTOP-N9D95U4 with PID 13472 (started by HLEE in C:\Users\HLEE\IdeaProjects\freelec-springboot2-webservice)
2023-02-17 14:51:05.869  INFO 13472 --- [    Test worker] c.j.b.s.web.IndexControllerTest          : No active profile set, falling back to default profiles: default
2023-02-17 14:51:06.413  INFO 13472 --- [    Test worker] .s.d.r.c.RepositoryConfigurationDelegate : Bootstrapping Spring Data repositories in DEFAULT mode.
2023-02-17 14:51:06.483  INFO 13472 --- [    Test worker] .s.d.r.c.RepositoryConfigurationDelegate : Finished Spring Data repository scanning in 69ms. Found 2 repository interfaces.
2023-02-17 14:51:06.878  INFO 13472 --- [    Test worker] trationDelegate$BeanPostProcessorChecker : Bean 'org.springframework.transaction.annotation.ProxyTransactionManagementConfiguration' of type [org.springframework.transaction.annotation.ProxyTransactionManagementConfiguration$$EnhancerBySpringCGLIB$$750dea52] is not eligible for getting processed by all BeanPostProcessors (for example: not eligible for auto-proxying)
2023-02-17 14:51:08.068  INFO 13472 --- [    Test worker] o.s.b.w.embedded.tomcat.TomcatWebServer  : Tomcat initialized with port(s): 0 (http)
2023-02-17 14:51:08.172  INFO 13472 --- [    Test worker] o.apache.catalina.core.StandardService   : Starting service [Tomcat]
2023-02-17 14:51:08.173  INFO 13472 --- [    Test worker] org.apache.catalina.core.StandardEngine  : Starting Servlet engine: [Apache Tomcat/9.0.22]
2023-02-17 14:51:08.658  INFO 13472 --- [    Test worker] o.a.c.c.C.[Tomcat].[localhost].[/]       : Initializing Spring embedded WebApplicationContext
2023-02-17 14:51:08.658  INFO 13472 --- [    Test worker] o.s.web.context.ContextLoader            : Root WebApplicationContext: initialization completed in 2779 ms
2023-02-17 14:51:09.056  INFO 13472 --- [    Test worker] com.zaxxer.hikari.HikariDataSource       : HikariPool-2 - Starting...
2023-02-17 14:51:09.059  INFO 13472 --- [    Test worker] com.zaxxer.hikari.HikariDataSource       : HikariPool-2 - Start completed.
2023-02-17 14:51:09.130  INFO 13472 --- [    Test worker] o.hibernate.jpa.internal.util.LogHelper  : HHH000204: Processing PersistenceUnitInfo [
	name: default
	...]
2023-02-17 14:51:09.150  INFO 13472 --- [    Test worker] org.hibernate.dialect.Dialect            : HHH000400: Using dialect: org.hibernate.dialect.MySQL5InnoDBDialect
Hibernate: drop table if exists posts
Hibernate: drop table if exists user
Hibernate: create table posts (id bigint not null auto_increment, created_date datetime, modified_date datetime, author varchar(255), content TEXT not null, title varchar(500) not null, primary key (id)) engine=InnoDB
Hibernate: create table user (id bigint not null auto_increment, created_date datetime, modified_date datetime, email varchar(255) not null, name varchar(255) not null, picture varchar(255), role varchar(255) not null, primary key (id)) engine=InnoDB
2023-02-17 14:51:09.311  INFO 13472 --- [    Test worker] o.h.t.schema.internal.SchemaCreatorImpl  : HHH000476: Executing import script 'org.hibernate.tool.schema.internal.exec.ScriptSourceInputNonExistentImpl@b67d32e'
2023-02-17 14:51:09.312  INFO 13472 --- [    Test worker] j.LocalContainerEntityManagerFactoryBean : Initialized JPA EntityManagerFactory for persistence unit 'default'
2023-02-17 14:51:10.068  INFO 13472 --- [    Test worker] o.h.h.i.QueryTranslatorFactoryInitiator  : HHH000397: Using ASTQueryTranslatorFactory
2023-02-17 14:51:10.436  INFO 13472 --- [    Test worker] o.s.s.web.DefaultSecurityFilterChain     : Creating filter chain: any request, [org.springframework.security.web.context.request.async.WebAsyncManagerIntegrationFilter@706e206f, org.springframework.security.web.context.SecurityContextPersistenceFilter@49c5cf99, org.springframework.security.web.header.HeaderWriterFilter@245857d4, org.springframework.security.web.authentication.logout.LogoutFilter@3df07c72, org.springframework.security.oauth2.client.web.OAuth2AuthorizationRequestRedirectFilter@1a626571, org.springframework.security.oauth2.client.web.OAuth2LoginAuthenticationFilter@69e2efe3, org.springframework.security.web.authentication.ui.DefaultLoginPageGeneratingFilter@5aaed9b9, org.springframework.security.web.authentication.ui.DefaultLogoutPageGeneratingFilter@3bc61bb7, org.springframework.security.web.savedrequest.RequestCacheAwareFilter@451fb526, org.springframework.security.web.servletapi.SecurityContextHolderAwareRequestFilter@231fbca6, org.springframework.security.web.authentication.AnonymousAuthenticationFilter@3286a853, org.springframework.security.web.session.SessionManagementFilter@6d428155, org.springframework.security.web.access.ExceptionTranslationFilter@75ff2532, org.springframework.security.web.access.intercept.FilterSecurityInterceptor@51135e13]
2023-02-17 14:51:10.877  INFO 13472 --- [    Test worker] o.s.s.concurrent.ThreadPoolTaskExecutor  : Initializing ExecutorService 'applicationTaskExecutor'
2023-02-17 14:51:10.910  WARN 13472 --- [    Test worker] aWebConfiguration$JpaWebMvcConfiguration : spring.jpa.open-in-view is enabled by default. Therefore, database queries may be performed during view rendering. Explicitly configure spring.jpa.open-in-view to disable this warning
2023-02-17 14:51:10.969  INFO 13472 --- [    Test worker] o.s.b.a.w.s.WelcomePageHandlerMapping    : Adding welcome page template: index
2023-02-17 14:51:11.654  INFO 13472 --- [    Test worker] s.a.ScheduledAnnotationBeanPostProcessor : No TaskScheduler/ScheduledExecutorService bean found for scheduled processing
2023-02-17 14:51:11.710  INFO 13472 --- [    Test worker] o.s.b.w.embedded.tomcat.TomcatWebServer  : Tomcat started on port(s): 12735 (http) with context path ''
2023-02-17 14:51:11.726  INFO 13472 --- [    Test worker] c.j.b.s.web.IndexControllerTest          : Started IndexControllerTest in 5.958 seconds (JVM running for 27.151)
2023-02-17 14:51:12.113  INFO 13472 --- [-auto-1-exec-10] o.a.c.c.C.[Tomcat].[localhost].[/]       : Initializing Spring DispatcherServlet 'dispatcherServlet'
2023-02-17 14:51:12.114  INFO 13472 --- [-auto-1-exec-10] o.s.web.servlet.DispatcherServlet        : Initializing Servlet 'dispatcherServlet'
2023-02-17 14:51:12.168  INFO 13472 --- [-auto-1-exec-10] o.s.web.servlet.DispatcherServlet        : Completed initialization in 54 ms
Hibernate: select posts0_.id as id1_0_, posts0_.created_date as created_2_0_, posts0_.modified_date as modified3_0_, posts0_.author as author4_0_, posts0_.content as content5_0_, posts0_.title as title6_0_ from posts posts0_ order by posts0_.id DESC
HTML Body : <!DOCTYPE HTML>
<html>
<head>
    <title>스프링 부트 웹 서비스</title>
    <meta http-equiv="Content-Type" content="text/html"; charset="UTF-8" />

    <link rel="stylesheet" href="https://stackpath.bootstrapcdn.com/bootstrap/4.3.1/css/bootstrap.min.css">
</head>
<body>


<h1>스프링 부트로 시작하는 웹 서비스 Ver.2.2</h1>
<div class="col-md-12">
    <!-- 로그인 기능 영역 -->
    <div class="row">
        <div class="col-md-6">
            <a href="/posts/save" role="button" class="btn btn-primary">글 등록</a>
                <a href="/oauth2/authorization/google"
                   class="btn btn-success active" role="button">Google Login</a>
                <a href="/oauth2/authorization/naver" class="btn btn-secondary active" role="button">Naver Login</a>
        </div>
    </div>
    <br>
    <!-- 목록 출력 영역 -->
    <table class="table table-horizontal table-bordered">
        <thead class="thead-strong">
        <tr>
            <th>게시글번호</th>
            <th>제목</th>
            <th>작성자</th>
            <th>최종수정일</th>
        </tr>
        </thead>
        <tbody id="tbody">
        </tbody>
    </table>
</div>

<script src="https://code.jquery.com/jquery-3.3.1.min.js"></script>
<script src="https://stackpath.bootstrapcdn.com/bootstrap/4.3.1/js/bootstrap.min.js"></script>

<!-- index.js 추가 -->
<script src="/js/app/index.js"></script>
</body>
</html>

]]></system-out>
  <system-err><![CDATA[]]></system-err>
</testsuite>
