<?xml version="1.0" encoding="UTF-8"?>
<testsuite name="com.jojoldu.book.springboot.web.HelloControllerTest" tests="2" skipped="0" failures="0" errors="0" timestamp="2023-02-27T05:57:03" hostname="DESKTOP-N9D95U4" time="0.548">
  <properties/>
  <testcase name="hello가_리턴된다" classname="com.jojoldu.book.springboot.web.HelloControllerTest" time="0.201"/>
  <testcase name="helloDto가_리턴된다" classname="com.jojoldu.book.springboot.web.HelloControllerTest" time="0.346"/>
  <system-out><![CDATA[2023-02-27 14:56:59.744  INFO 2584 --- [    Test worker] .b.t.a.w.s.WebMvcTestContextBootstrapper : Neither @ContextConfiguration nor @ContextHierarchy found for test class [com.jojoldu.book.springboot.web.HelloControllerTest], using SpringBootContextLoader
2023-02-27 14:56:59.745  INFO 2584 --- [    Test worker] o.s.t.c.support.AbstractContextLoader    : Could not detect default resource locations for test class [com.jojoldu.book.springboot.web.HelloControllerTest]: no resource found for suffixes {-context.xml, Context.groovy}.
2023-02-27 14:56:59.746  INFO 2584 --- [    Test worker] t.c.s.AnnotationConfigContextLoaderUtils : Could not detect default configuration classes for test class [com.jojoldu.book.springboot.web.HelloControllerTest]: HelloControllerTest does not declare any static, non-private, non-final, nested classes annotated with @Configuration.
2023-02-27 14:56:59.835  INFO 2584 --- [    Test worker] .b.t.c.SpringBootTestContextBootstrapper : Found @SpringBootConfiguration com.jojoldu.book.springboot.Application for test class com.jojoldu.book.springboot.web.HelloControllerTest
2023-02-27 14:56:59.837  INFO 2584 --- [    Test worker] .b.t.a.w.s.WebMvcTestContextBootstrapper : Loaded default TestExecutionListener class names from location [META-INF/spring.factories]: [org.springframework.security.test.context.support.WithSecurityContextTestExecutionListener, org.springframework.security.test.context.support.ReactorContextTestExecutionListener, org.springframework.boot.test.autoconfigure.restdocs.RestDocsTestExecutionListener, org.springframework.boot.test.autoconfigure.web.client.MockRestServiceServerResetTestExecutionListener, org.springframework.boot.test.autoconfigure.web.servlet.MockMvcPrintOnlyOnFailureTestExecutionListener, org.springframework.boot.test.autoconfigure.web.servlet.WebDriverTestExecutionListener, org.springframework.boot.test.mock.mockito.MockitoTestExecutionListener, org.springframework.boot.test.mock.mockito.ResetMocksTestExecutionListener, org.springframework.test.context.web.ServletTestExecutionListener, org.springframework.test.context.support.DirtiesContextBeforeModesTestExecutionListener, org.springframework.test.context.support.DependencyInjectionTestExecutionListener, org.springframework.test.context.support.DirtiesContextTestExecutionListener, org.springframework.test.context.transaction.TransactionalTestExecutionListener, org.springframework.test.context.jdbc.SqlScriptsTestExecutionListener]
2023-02-27 14:56:59.846  INFO 2584 --- [    Test worker] .b.t.a.w.s.WebMvcTestContextBootstrapper : Using TestExecutionListeners: [org.springframework.test.context.web.ServletTestExecutionListener@26da96a4, org.springframework.test.context.support.DirtiesContextBeforeModesTestExecutionListener@330fcda6, org.springframework.boot.test.mock.mockito.MockitoTestExecutionListener@cbddc20, org.springframework.boot.test.autoconfigure.SpringBootDependencyInjectionTestExecutionListener@f8e5fe0, org.springframework.test.context.support.DirtiesContextTestExecutionListener@7d939703, org.springframework.test.context.transaction.TransactionalTestExecutionListener@303c17ea, org.springframework.test.context.jdbc.SqlScriptsTestExecutionListener@52829111, org.springframework.security.test.context.support.WithSecurityContextTestExecutionListener@2f0ea5fe, org.springframework.security.test.context.support.ReactorContextTestExecutionListener@4e440493, org.springframework.boot.test.autoconfigure.restdocs.RestDocsTestExecutionListener@1e17c9f6, org.springframework.boot.test.autoconfigure.web.client.MockRestServiceServerResetTestExecutionListener@58dbc93c, org.springframework.boot.test.autoconfigure.web.servlet.MockMvcPrintOnlyOnFailureTestExecutionListener@2a0b68c, org.springframework.boot.test.autoconfigure.web.servlet.WebDriverTestExecutionListener@6cae4ad7, org.springframework.boot.test.mock.mockito.ResetMocksTestExecutionListener@4cd666cd]

  .   ____          _            __ _ _
 /\\ / ___'_ __ _ _(_)_ __  __ _ \ \ \ \
( ( )\___ | '_ | '_| | '_ \/ _` | \ \ \ \
 \\/  ___)| |_)| | | | | || (_| |  ) ) ) )
  '  |____| .__|_| |_|_| |_\__, | / / / /
 =========|_|==============|___/=/_/_/_/
 :: Spring Boot ::        (v2.1.7.RELEASE)

2023-02-27 14:57:00.040  INFO 2584 --- [    Test worker] c.j.b.s.web.HelloControllerTest          : Starting HelloControllerTest on DESKTOP-N9D95U4 with PID 2584 (started by HLEE in C:\Users\HLEE\IdeaProjects\freelec-springboot2-webservice)
2023-02-27 14:57:00.044  INFO 2584 --- [    Test worker] c.j.b.s.web.HelloControllerTest          : No active profile set, falling back to default profiles: default
2023-02-27 14:57:01.672  INFO 2584 --- [    Test worker] o.s.s.concurrent.ThreadPoolTaskExecutor  : Initializing ExecutorService 'applicationTaskExecutor'
2023-02-27 14:57:01.783  INFO 2584 --- [    Test worker] o.s.b.a.w.s.WelcomePageHandlerMapping    : Adding welcome page template: index
2023-02-27 14:57:02.365  INFO 2584 --- [    Test worker] .s.s.UserDetailsServiceAutoConfiguration : 

Using generated security password: c5383b7d-8b01-4311-96b8-2707e8832b5e

2023-02-27 14:57:02.836  INFO 2584 --- [    Test worker] o.s.s.web.DefaultSecurityFilterChain     : Creating filter chain: any request, [org.springframework.security.web.context.request.async.WebAsyncManagerIntegrationFilter@6973eb55, org.springframework.security.web.context.SecurityContextPersistenceFilter@acf1038, org.springframework.security.web.header.HeaderWriterFilter@56850300, org.springframework.security.web.csrf.CsrfFilter@55f71467, org.springframework.security.web.authentication.logout.LogoutFilter@3ba5a46b, org.springframework.security.web.authentication.UsernamePasswordAuthenticationFilter@5510b160, org.springframework.security.web.authentication.ui.DefaultLoginPageGeneratingFilter@2b654145, org.springframework.security.web.authentication.ui.DefaultLogoutPageGeneratingFilter@639844e2, org.springframework.security.web.authentication.www.BasicAuthenticationFilter@22b43744, org.springframework.security.web.savedrequest.RequestCacheAwareFilter@d6e49a8, org.springframework.security.web.servletapi.SecurityContextHolderAwareRequestFilter@738dc606, org.springframework.security.web.authentication.AnonymousAuthenticationFilter@601541c2, org.springframework.security.web.session.SessionManagementFilter@3bbc719b, org.springframework.security.web.access.ExceptionTranslationFilter@1913c6b7, org.springframework.security.web.access.intercept.FilterSecurityInterceptor@3295683c]
2023-02-27 14:57:02.945  INFO 2584 --- [    Test worker] o.s.b.t.m.w.SpringBootMockServletContext : Initializing Spring TestDispatcherServlet ''
2023-02-27 14:57:02.945  INFO 2584 --- [    Test worker] o.s.t.web.servlet.TestDispatcherServlet  : Initializing Servlet ''
2023-02-27 14:57:02.980  INFO 2584 --- [    Test worker] o.s.t.web.servlet.TestDispatcherServlet  : Completed initialization in 35 ms
2023-02-27 14:57:03.095  INFO 2584 --- [    Test worker] c.j.b.s.web.HelloControllerTest          : Started HelloControllerTest in 3.243 seconds (JVM running for 27.269)
]]></system-out>
  <system-err><![CDATA[]]></system-err>
</testsuite>
